<?xml version="1.0" encoding="UTF-8"?>
<testsuite xmlns:xsi="http://www.w3.org/2001/XMLSchema-instance" xsi:noNamespaceSchemaLocation="https://maven.apache.org/surefire/maven-surefire-plugin/xsd/surefire-test-report-3.0.xsd" version="3.0" name="TestSuite" time="12.944" tests="14" errors="0" skipped="2" failures="2">
  <properties>
    <property name="java.specification.version" value="21"/>
    <property name="sun.jnu.encoding" value="UTF-8"/>
    <property name="java.class.path" value="/Users/user_kalinchuk/Desktop/playwright-api-java21-with-crud/target/test-classes:/Users/user_kalinchuk/Desktop/playwright-api-java21-with-crud/target/classes:/Users/user_kalinchuk/.m2/repository/com/microsoft/playwright/playwright/1.54.0/playwright-1.54.0.jar:/Users/user_kalinchuk/.m2/repository/com/google/code/gson/gson/2.12.1/gson-2.12.1.jar:/Users/user_kalinchuk/.m2/repository/com/google/errorprone/error_prone_annotations/2.36.0/error_prone_annotations-2.36.0.jar:/Users/user_kalinchuk/.m2/repository/org/opentest4j/opentest4j/1.3.0/opentest4j-1.3.0.jar:/Users/user_kalinchuk/.m2/repository/com/microsoft/playwright/driver/1.54.0/driver-1.54.0.jar:/Users/user_kalinchuk/.m2/repository/com/microsoft/playwright/driver-bundle/1.54.0/driver-bundle-1.54.0.jar:/Users/user_kalinchuk/.m2/repository/org/testng/testng/7.10.2/testng-7.10.2.jar:/Users/user_kalinchuk/.m2/repository/org/slf4j/slf4j-api/1.7.36/slf4j-api-1.7.36.jar:/Users/user_kalinchuk/.m2/repository/com/beust/jcommander/1.82/jcommander-1.82.jar:/Users/user_kalinchuk/.m2/repository/org/webjars/jquery/3.7.1/jquery-3.7.1.jar:/Users/user_kalinchuk/.m2/repository/org/assertj/assertj-core/3.26.3/assertj-core-3.26.3.jar:/Users/user_kalinchuk/.m2/repository/net/bytebuddy/byte-buddy/1.14.18/byte-buddy-1.14.18.jar:/Users/user_kalinchuk/.m2/repository/com/fasterxml/jackson/core/jackson-databind/2.19.0/jackson-databind-2.19.0.jar:/Users/user_kalinchuk/.m2/repository/com/fasterxml/jackson/core/jackson-annotations/2.19.0/jackson-annotations-2.19.0.jar:/Users/user_kalinchuk/.m2/repository/com/fasterxml/jackson/core/jackson-core/2.19.0/jackson-core-2.19.0.jar:/Users/user_kalinchuk/.m2/repository/io/qameta/allure/allure-maven/2.15.2/allure-maven-2.15.2.jar:/Users/user_kalinchuk/.m2/repository/org/apache/httpcomponents/client5/httpclient5/5.4.1/httpclient5-5.4.1.jar:/Users/user_kalinchuk/.m2/repository/org/apache/httpcomponents/core5/httpcore5/5.3.1/httpcore5-5.3.1.jar:/Users/user_kalinchuk/.m2/repository/org/apache/httpcomponents/core5/httpcore5-h2/5.3.1/httpcore5-h2-5.3.1.jar:/Users/user_kalinchuk/.m2/repository/org/apache/maven/maven-core/3.9.9/maven-core-3.9.9.jar:/Users/user_kalinchuk/.m2/repository/org/apache/maven/maven-model/3.9.9/maven-model-3.9.9.jar:/Users/user_kalinchuk/.m2/repository/org/apache/maven/maven-settings/3.9.9/maven-settings-3.9.9.jar:/Users/user_kalinchuk/.m2/repository/org/apache/maven/maven-settings-builder/3.9.9/maven-settings-builder-3.9.9.jar:/Users/user_kalinchuk/.m2/repository/org/codehaus/plexus/plexus-sec-dispatcher/2.0/plexus-sec-dispatcher-2.0.jar:/Users/user_kalinchuk/.m2/repository/org/codehaus/plexus/plexus-cipher/2.0/plexus-cipher-2.0.jar:/Users/user_kalinchuk/.m2/repository/org/apache/maven/maven-builder-support/3.9.9/maven-builder-support-3.9.9.jar:/Users/user_kalinchuk/.m2/repository/org/apache/maven/maven-repository-metadata/3.9.9/maven-repository-metadata-3.9.9.jar:/Users/user_kalinchuk/.m2/repository/org/apache/maven/maven-artifact/3.9.9/maven-artifact-3.9.9.jar:/Users/user_kalinchuk/.m2/repository/org/apache/maven/maven-plugin-api/3.9.9/maven-plugin-api-3.9.9.jar:/Users/user_kalinchuk/.m2/repository/org/apache/maven/maven-model-builder/3.9.9/maven-model-builder-3.9.9.jar:/Users/user_kalinchuk/.m2/repository/org/apache/maven/maven-resolver-provider/3.9.9/maven-resolver-provider-3.9.9.jar:/Users/user_kalinchuk/.m2/repository/org/apache/maven/resolver/maven-resolver-impl/1.9.22/maven-resolver-impl-1.9.22.jar:/Users/user_kalinchuk/.m2/repository/org/apache/maven/resolver/maven-resolver-named-locks/1.9.22/maven-resolver-named-locks-1.9.22.jar:/Users/user_kalinchuk/.m2/repository/org/apache/maven/resolver/maven-resolver-api/1.9.22/maven-resolver-api-1.9.22.jar:/Users/user_kalinchuk/.m2/repository/org/apache/maven/resolver/maven-resolver-spi/1.9.22/maven-resolver-spi-1.9.22.jar:/Users/user_kalinchuk/.m2/repository/org/apache/maven/resolver/maven-resolver-util/1.9.22/maven-resolver-util-1.9.22.jar:/Users/user_kalinchuk/.m2/repository/org/apache/maven/shared/maven-shared-utils/3.4.2/maven-shared-utils-3.4.2.jar:/Users/user_kalinchuk/.m2/repository/org/eclipse/sisu/org.eclipse.sisu.plexus/0.9.0.M3/org.eclipse.sisu.plexus-0.9.0.M3.jar:/Users/user_kalinchuk/.m2/repository/org/eclipse/sisu/org.eclipse.sisu.inject/0.9.0.M3/org.eclipse.sisu.inject-0.9.0.M3.jar:/Users/user_kalinchuk/.m2/repository/com/google/inject/guice/5.1.0/guice-5.1.0.jar:/Users/user_kalinchuk/.m2/repository/aopalliance/aopalliance/1.0/aopalliance-1.0.jar:/Users/user_kalinchuk/.m2/repository/com/google/guava/guava/33.2.1-jre/guava-33.2.1-jre.jar:/Users/user_kalinchuk/.m2/repository/com/google/guava/failureaccess/1.0.2/failureaccess-1.0.2.jar:/Users/user_kalinchuk/.m2/repository/javax/inject/javax.inject/1/javax.inject-1.jar:/Users/user_kalinchuk/.m2/repository/org/codehaus/plexus/plexus-utils/3.5.1/plexus-utils-3.5.1.jar:/Users/user_kalinchuk/.m2/repository/org/codehaus/plexus/plexus-classworlds/2.8.0/plexus-classworlds-2.8.0.jar:/Users/user_kalinchuk/.m2/repository/org/codehaus/plexus/plexus-interpolation/1.27/plexus-interpolation-1.27.jar:/Users/user_kalinchuk/.m2/repository/org/codehaus/plexus/plexus-component-annotations/2.1.0/plexus-component-annotations-2.1.0.jar:/Users/user_kalinchuk/.m2/repository/org/apache/maven/reporting/maven-reporting-impl/4.0.0/maven-reporting-impl-4.0.0.jar:/Users/user_kalinchuk/.m2/repository/org/apache/maven/reporting/maven-reporting-api/4.0.0/maven-reporting-api-4.0.0.jar:/Users/user_kalinchuk/.m2/repository/org/apache/maven/doxia/doxia-sink-api/2.0.0/doxia-sink-api-2.0.0.jar:/Users/user_kalinchuk/.m2/repository/org/apache/maven/doxia/doxia-site-model/2.0.0/doxia-site-model-2.0.0.jar:/Users/user_kalinchuk/.m2/repository/org/apache/maven/doxia/doxia-core/2.0.0/doxia-core-2.0.0.jar:/Users/user_kalinchuk/.m2/repository/commons-io/commons-io/2.17.0/commons-io-2.17.0.jar:/Users/user_kalinchuk/.m2/repository/org/apache/maven/doxia/doxia-integration-tools/2.0.0/doxia-integration-tools-2.0.0.jar:/Users/user_kalinchuk/.m2/repository/org/codehaus/plexus/plexus-i18n/1.0-beta-10/plexus-i18n-1.0-beta-10.jar:/Users/user_kalinchuk/.m2/repository/org/apache/maven/doxia/doxia-site-renderer/2.0.0/doxia-site-renderer-2.0.0.jar:/Users/user_kalinchuk/.m2/repository/org/apache/maven/doxia/doxia-skin-model/2.0.0/doxia-skin-model-2.0.0.jar:/Users/user_kalinchuk/.m2/repository/org/apache/maven/doxia/doxia-module-xhtml5/2.0.0/doxia-module-xhtml5-2.0.0.jar:/Users/user_kalinchuk/.m2/repository/org/codehaus/plexus/plexus-velocity/2.2.0/plexus-velocity-2.2.0.jar:/Users/user_kalinchuk/.m2/repository/org/apache/velocity/velocity-engine-core/2.4/velocity-engine-core-2.4.jar:/Users/user_kalinchuk/.m2/repository/org/apache/velocity/tools/velocity-tools-generic/3.1/velocity-tools-generic-3.1.jar:/Users/user_kalinchuk/.m2/repository/org/apache/commons/commons-digester3/3.2/commons-digester3-3.2.jar:/Users/user_kalinchuk/.m2/repository/com/github/cliftonlabs/json-simple/3.0.2/json-simple-3.0.2.jar:/Users/user_kalinchuk/.m2/repository/org/apache/maven/doxia/doxia-module-apt/2.0.0/doxia-module-apt-2.0.0.jar:/Users/user_kalinchuk/.m2/repository/org/apache/maven/doxia/doxia-module-xdoc/2.0.0/doxia-module-xdoc-2.0.0.jar:/Users/user_kalinchuk/.m2/repository/org/apache/maven/maven-archiver/3.6.2/maven-archiver-3.6.2.jar:/Users/user_kalinchuk/.m2/repository/org/codehaus/plexus/plexus-archiver/4.9.2/plexus-archiver-4.9.2.jar:/Users/user_kalinchuk/.m2/repository/org/codehaus/plexus/plexus-io/3.4.2/plexus-io-3.4.2.jar:/Users/user_kalinchuk/.m2/repository/org/apache/commons/commons-compress/1.26.1/commons-compress-1.26.1.jar:/Users/user_kalinchuk/.m2/repository/commons-codec/commons-codec/1.16.1/commons-codec-1.16.1.jar:/Users/user_kalinchuk/.m2/repository/org/tukaani/xz/1.9/xz-1.9.jar:/Users/user_kalinchuk/.m2/repository/com/github/luben/zstd-jni/1.5.5-11/zstd-jni-1.5.5-11.jar:/Users/user_kalinchuk/.m2/repository/org/apache/maven/shared/maven-artifact-transfer/0.13.1/maven-artifact-transfer-0.13.1.jar:/Users/user_kalinchuk/.m2/repository/org/apache/maven/shared/maven-common-artifact-filters/3.1.0/maven-common-artifact-filters-3.1.0.jar:/Users/user_kalinchuk/.m2/repository/org/sonatype/sisu/sisu-inject-plexus/1.4.2/sisu-inject-plexus-1.4.2.jar:/Users/user_kalinchuk/.m2/repository/org/sonatype/sisu/sisu-inject-bean/1.4.2/sisu-inject-bean-1.4.2.jar:/Users/user_kalinchuk/.m2/repository/org/sonatype/sisu/sisu-guice/2.1.7/sisu-guice-2.1.7-noaop.jar:/Users/user_kalinchuk/.m2/repository/commons-beanutils/commons-beanutils/1.9.4/commons-beanutils-1.9.4.jar:/Users/user_kalinchuk/.m2/repository/commons-logging/commons-logging/1.2/commons-logging-1.2.jar:/Users/user_kalinchuk/.m2/repository/commons-collections/commons-collections/3.2.2/commons-collections-3.2.2.jar:/Users/user_kalinchuk/.m2/repository/net/lingala/zip4j/zip4j/2.11.5/zip4j-2.11.5.jar:/Users/user_kalinchuk/.m2/repository/org/apache/commons/commons-exec/1.4.0/commons-exec-1.4.0.jar:/Users/user_kalinchuk/.m2/repository/org/apache/commons/commons-text/1.12.0/commons-text-1.12.0.jar:/Users/user_kalinchuk/.m2/repository/org/apache/commons/commons-lang3/3.14.0/commons-lang3-3.14.0.jar:/Users/user_kalinchuk/.m2/repository/org/apache/maven/plugin-tools/maven-plugin-annotations/3.15.1/maven-plugin-annotations-3.15.1.jar:/Users/user_kalinchuk/.m2/repository/org/apache/maven/plugins/maven-jxr-plugin/3.6.0/maven-jxr-plugin-3.6.0.jar:/Users/user_kalinchuk/.m2/repository/org/apache/maven/maven-jxr/3.6.0/maven-jxr-3.6.0.jar:/Users/user_kalinchuk/.m2/repository/org/apache/maven/wagon/wagon-provider-api/3.5.3/wagon-provider-api-3.5.3.jar:/Users/user_kalinchuk/.m2/repository/org/codehaus/plexus/plexus-java/1.3.0/plexus-java-1.3.0.jar:/Users/user_kalinchuk/.m2/repository/org/ow2/asm/asm/9.7/asm-9.7.jar:/Users/user_kalinchuk/.m2/repository/com/thoughtworks/qdox/qdox/2.1.0/qdox-2.1.0.jar:/Users/user_kalinchuk/.m2/repository/org/codehaus/plexus/plexus-xml/3.0.1/plexus-xml-3.0.1.jar:/Users/user_kalinchuk/.m2/repository/org/apache/logging/log4j/log4j-api/2.22.1/log4j-api-2.22.1.jar:/Users/user_kalinchuk/.m2/repository/org/apache/logging/log4j/log4j-core/2.22.1/log4j-core-2.22.1.jar:/Users/user_kalinchuk/.m2/repository/org/apache/logging/log4j/log4j-slf4j2-impl/2.22.1/log4j-slf4j2-impl-2.22.1.jar:/Users/user_kalinchuk/.m2/repository/io/qameta/allure/allure-testng/2.24.0/allure-testng-2.24.0.jar:/Users/user_kalinchuk/.m2/repository/io/qameta/allure/allure-test-filter/2.24.0/allure-test-filter-2.24.0.jar:/Users/user_kalinchuk/.m2/repository/io/qameta/allure/allure-java-commons/2.28.0/allure-java-commons-2.28.0.jar:/Users/user_kalinchuk/.m2/repository/io/qameta/allure/allure-model/2.28.0/allure-model-2.28.0.jar:/Users/user_kalinchuk/.m2/repository/junit/junit/4.13.2/junit-4.13.2.jar:/Users/user_kalinchuk/.m2/repository/org/hamcrest/hamcrest-core/1.3/hamcrest-core-1.3.jar:"/>
    <property name="java.vm.vendor" value="Oracle Corporation"/>
    <property name="sun.arch.data.model" value="64"/>
    <property name="java.vendor.url" value="https://java.oracle.com/"/>
    <property name="user.timezone" value="Europe/Kiev"/>
    <property name="os.name" value="Mac OS X"/>
    <property name="java.vm.specification.version" value="21"/>
    <property name="sun.java.launcher" value="SUN_STANDARD"/>
    <property name="user.country" value="US"/>
    <property name="sun.boot.library.path" value="/Users/user_kalinchuk/Library/Java/JavaVirtualMachines/openjdk-21.0.2/Contents/Home/lib"/>
    <property name="sun.java.command" value="/Users/user_kalinchuk/Desktop/playwright-api-java21-with-crud/target/surefire/surefirebooter-20250810004451208_3.jar /Users/user_kalinchuk/Desktop/playwright-api-java21-with-crud/target/surefire 2025-08-10T00-44-50_987-jvmRun1 surefire-20250810004451208_1tmp surefire_0-20250810004451208_2tmp"/>
    <property name="jdk.debug" value="release"/>
    <property name="surefire.test.class.path" value="/Users/user_kalinchuk/Desktop/playwright-api-java21-with-crud/target/test-classes:/Users/user_kalinchuk/Desktop/playwright-api-java21-with-crud/target/classes:/Users/user_kalinchuk/.m2/repository/com/microsoft/playwright/playwright/1.54.0/playwright-1.54.0.jar:/Users/user_kalinchuk/.m2/repository/com/google/code/gson/gson/2.12.1/gson-2.12.1.jar:/Users/user_kalinchuk/.m2/repository/com/google/errorprone/error_prone_annotations/2.36.0/error_prone_annotations-2.36.0.jar:/Users/user_kalinchuk/.m2/repository/org/opentest4j/opentest4j/1.3.0/opentest4j-1.3.0.jar:/Users/user_kalinchuk/.m2/repository/com/microsoft/playwright/driver/1.54.0/driver-1.54.0.jar:/Users/user_kalinchuk/.m2/repository/com/microsoft/playwright/driver-bundle/1.54.0/driver-bundle-1.54.0.jar:/Users/user_kalinchuk/.m2/repository/org/testng/testng/7.10.2/testng-7.10.2.jar:/Users/user_kalinchuk/.m2/repository/org/slf4j/slf4j-api/1.7.36/slf4j-api-1.7.36.jar:/Users/user_kalinchuk/.m2/repository/com/beust/jcommander/1.82/jcommander-1.82.jar:/Users/user_kalinchuk/.m2/repository/org/webjars/jquery/3.7.1/jquery-3.7.1.jar:/Users/user_kalinchuk/.m2/repository/org/assertj/assertj-core/3.26.3/assertj-core-3.26.3.jar:/Users/user_kalinchuk/.m2/repository/net/bytebuddy/byte-buddy/1.14.18/byte-buddy-1.14.18.jar:/Users/user_kalinchuk/.m2/repository/com/fasterxml/jackson/core/jackson-databind/2.19.0/jackson-databind-2.19.0.jar:/Users/user_kalinchuk/.m2/repository/com/fasterxml/jackson/core/jackson-annotations/2.19.0/jackson-annotations-2.19.0.jar:/Users/user_kalinchuk/.m2/repository/com/fasterxml/jackson/core/jackson-core/2.19.0/jackson-core-2.19.0.jar:/Users/user_kalinchuk/.m2/repository/io/qameta/allure/allure-maven/2.15.2/allure-maven-2.15.2.jar:/Users/user_kalinchuk/.m2/repository/org/apache/httpcomponents/client5/httpclient5/5.4.1/httpclient5-5.4.1.jar:/Users/user_kalinchuk/.m2/repository/org/apache/httpcomponents/core5/httpcore5/5.3.1/httpcore5-5.3.1.jar:/Users/user_kalinchuk/.m2/repository/org/apache/httpcomponents/core5/httpcore5-h2/5.3.1/httpcore5-h2-5.3.1.jar:/Users/user_kalinchuk/.m2/repository/org/apache/maven/maven-core/3.9.9/maven-core-3.9.9.jar:/Users/user_kalinchuk/.m2/repository/org/apache/maven/maven-model/3.9.9/maven-model-3.9.9.jar:/Users/user_kalinchuk/.m2/repository/org/apache/maven/maven-settings/3.9.9/maven-settings-3.9.9.jar:/Users/user_kalinchuk/.m2/repository/org/apache/maven/maven-settings-builder/3.9.9/maven-settings-builder-3.9.9.jar:/Users/user_kalinchuk/.m2/repository/org/codehaus/plexus/plexus-sec-dispatcher/2.0/plexus-sec-dispatcher-2.0.jar:/Users/user_kalinchuk/.m2/repository/org/codehaus/plexus/plexus-cipher/2.0/plexus-cipher-2.0.jar:/Users/user_kalinchuk/.m2/repository/org/apache/maven/maven-builder-support/3.9.9/maven-builder-support-3.9.9.jar:/Users/user_kalinchuk/.m2/repository/org/apache/maven/maven-repository-metadata/3.9.9/maven-repository-metadata-3.9.9.jar:/Users/user_kalinchuk/.m2/repository/org/apache/maven/maven-artifact/3.9.9/maven-artifact-3.9.9.jar:/Users/user_kalinchuk/.m2/repository/org/apache/maven/maven-plugin-api/3.9.9/maven-plugin-api-3.9.9.jar:/Users/user_kalinchuk/.m2/repository/org/apache/maven/maven-model-builder/3.9.9/maven-model-builder-3.9.9.jar:/Users/user_kalinchuk/.m2/repository/org/apache/maven/maven-resolver-provider/3.9.9/maven-resolver-provider-3.9.9.jar:/Users/user_kalinchuk/.m2/repository/org/apache/maven/resolver/maven-resolver-impl/1.9.22/maven-resolver-impl-1.9.22.jar:/Users/user_kalinchuk/.m2/repository/org/apache/maven/resolver/maven-resolver-named-locks/1.9.22/maven-resolver-named-locks-1.9.22.jar:/Users/user_kalinchuk/.m2/repository/org/apache/maven/resolver/maven-resolver-api/1.9.22/maven-resolver-api-1.9.22.jar:/Users/user_kalinchuk/.m2/repository/org/apache/maven/resolver/maven-resolver-spi/1.9.22/maven-resolver-spi-1.9.22.jar:/Users/user_kalinchuk/.m2/repository/org/apache/maven/resolver/maven-resolver-util/1.9.22/maven-resolver-util-1.9.22.jar:/Users/user_kalinchuk/.m2/repository/org/apache/maven/shared/maven-shared-utils/3.4.2/maven-shared-utils-3.4.2.jar:/Users/user_kalinchuk/.m2/repository/org/eclipse/sisu/org.eclipse.sisu.plexus/0.9.0.M3/org.eclipse.sisu.plexus-0.9.0.M3.jar:/Users/user_kalinchuk/.m2/repository/org/eclipse/sisu/org.eclipse.sisu.inject/0.9.0.M3/org.eclipse.sisu.inject-0.9.0.M3.jar:/Users/user_kalinchuk/.m2/repository/com/google/inject/guice/5.1.0/guice-5.1.0.jar:/Users/user_kalinchuk/.m2/repository/aopalliance/aopalliance/1.0/aopalliance-1.0.jar:/Users/user_kalinchuk/.m2/repository/com/google/guava/guava/33.2.1-jre/guava-33.2.1-jre.jar:/Users/user_kalinchuk/.m2/repository/com/google/guava/failureaccess/1.0.2/failureaccess-1.0.2.jar:/Users/user_kalinchuk/.m2/repository/javax/inject/javax.inject/1/javax.inject-1.jar:/Users/user_kalinchuk/.m2/repository/org/codehaus/plexus/plexus-utils/3.5.1/plexus-utils-3.5.1.jar:/Users/user_kalinchuk/.m2/repository/org/codehaus/plexus/plexus-classworlds/2.8.0/plexus-classworlds-2.8.0.jar:/Users/user_kalinchuk/.m2/repository/org/codehaus/plexus/plexus-interpolation/1.27/plexus-interpolation-1.27.jar:/Users/user_kalinchuk/.m2/repository/org/codehaus/plexus/plexus-component-annotations/2.1.0/plexus-component-annotations-2.1.0.jar:/Users/user_kalinchuk/.m2/repository/org/apache/maven/reporting/maven-reporting-impl/4.0.0/maven-reporting-impl-4.0.0.jar:/Users/user_kalinchuk/.m2/repository/org/apache/maven/reporting/maven-reporting-api/4.0.0/maven-reporting-api-4.0.0.jar:/Users/user_kalinchuk/.m2/repository/org/apache/maven/doxia/doxia-sink-api/2.0.0/doxia-sink-api-2.0.0.jar:/Users/user_kalinchuk/.m2/repository/org/apache/maven/doxia/doxia-site-model/2.0.0/doxia-site-model-2.0.0.jar:/Users/user_kalinchuk/.m2/repository/org/apache/maven/doxia/doxia-core/2.0.0/doxia-core-2.0.0.jar:/Users/user_kalinchuk/.m2/repository/commons-io/commons-io/2.17.0/commons-io-2.17.0.jar:/Users/user_kalinchuk/.m2/repository/org/apache/maven/doxia/doxia-integration-tools/2.0.0/doxia-integration-tools-2.0.0.jar:/Users/user_kalinchuk/.m2/repository/org/codehaus/plexus/plexus-i18n/1.0-beta-10/plexus-i18n-1.0-beta-10.jar:/Users/user_kalinchuk/.m2/repository/org/apache/maven/doxia/doxia-site-renderer/2.0.0/doxia-site-renderer-2.0.0.jar:/Users/user_kalinchuk/.m2/repository/org/apache/maven/doxia/doxia-skin-model/2.0.0/doxia-skin-model-2.0.0.jar:/Users/user_kalinchuk/.m2/repository/org/apache/maven/doxia/doxia-module-xhtml5/2.0.0/doxia-module-xhtml5-2.0.0.jar:/Users/user_kalinchuk/.m2/repository/org/codehaus/plexus/plexus-velocity/2.2.0/plexus-velocity-2.2.0.jar:/Users/user_kalinchuk/.m2/repository/org/apache/velocity/velocity-engine-core/2.4/velocity-engine-core-2.4.jar:/Users/user_kalinchuk/.m2/repository/org/apache/velocity/tools/velocity-tools-generic/3.1/velocity-tools-generic-3.1.jar:/Users/user_kalinchuk/.m2/repository/org/apache/commons/commons-digester3/3.2/commons-digester3-3.2.jar:/Users/user_kalinchuk/.m2/repository/com/github/cliftonlabs/json-simple/3.0.2/json-simple-3.0.2.jar:/Users/user_kalinchuk/.m2/repository/org/apache/maven/doxia/doxia-module-apt/2.0.0/doxia-module-apt-2.0.0.jar:/Users/user_kalinchuk/.m2/repository/org/apache/maven/doxia/doxia-module-xdoc/2.0.0/doxia-module-xdoc-2.0.0.jar:/Users/user_kalinchuk/.m2/repository/org/apache/maven/maven-archiver/3.6.2/maven-archiver-3.6.2.jar:/Users/user_kalinchuk/.m2/repository/org/codehaus/plexus/plexus-archiver/4.9.2/plexus-archiver-4.9.2.jar:/Users/user_kalinchuk/.m2/repository/org/codehaus/plexus/plexus-io/3.4.2/plexus-io-3.4.2.jar:/Users/user_kalinchuk/.m2/repository/org/apache/commons/commons-compress/1.26.1/commons-compress-1.26.1.jar:/Users/user_kalinchuk/.m2/repository/commons-codec/commons-codec/1.16.1/commons-codec-1.16.1.jar:/Users/user_kalinchuk/.m2/repository/org/tukaani/xz/1.9/xz-1.9.jar:/Users/user_kalinchuk/.m2/repository/com/github/luben/zstd-jni/1.5.5-11/zstd-jni-1.5.5-11.jar:/Users/user_kalinchuk/.m2/repository/org/apache/maven/shared/maven-artifact-transfer/0.13.1/maven-artifact-transfer-0.13.1.jar:/Users/user_kalinchuk/.m2/repository/org/apache/maven/shared/maven-common-artifact-filters/3.1.0/maven-common-artifact-filters-3.1.0.jar:/Users/user_kalinchuk/.m2/repository/org/sonatype/sisu/sisu-inject-plexus/1.4.2/sisu-inject-plexus-1.4.2.jar:/Users/user_kalinchuk/.m2/repository/org/sonatype/sisu/sisu-inject-bean/1.4.2/sisu-inject-bean-1.4.2.jar:/Users/user_kalinchuk/.m2/repository/org/sonatype/sisu/sisu-guice/2.1.7/sisu-guice-2.1.7-noaop.jar:/Users/user_kalinchuk/.m2/repository/commons-beanutils/commons-beanutils/1.9.4/commons-beanutils-1.9.4.jar:/Users/user_kalinchuk/.m2/repository/commons-logging/commons-logging/1.2/commons-logging-1.2.jar:/Users/user_kalinchuk/.m2/repository/commons-collections/commons-collections/3.2.2/commons-collections-3.2.2.jar:/Users/user_kalinchuk/.m2/repository/net/lingala/zip4j/zip4j/2.11.5/zip4j-2.11.5.jar:/Users/user_kalinchuk/.m2/repository/org/apache/commons/commons-exec/1.4.0/commons-exec-1.4.0.jar:/Users/user_kalinchuk/.m2/repository/org/apache/commons/commons-text/1.12.0/commons-text-1.12.0.jar:/Users/user_kalinchuk/.m2/repository/org/apache/commons/commons-lang3/3.14.0/commons-lang3-3.14.0.jar:/Users/user_kalinchuk/.m2/repository/org/apache/maven/plugin-tools/maven-plugin-annotations/3.15.1/maven-plugin-annotations-3.15.1.jar:/Users/user_kalinchuk/.m2/repository/org/apache/maven/plugins/maven-jxr-plugin/3.6.0/maven-jxr-plugin-3.6.0.jar:/Users/user_kalinchuk/.m2/repository/org/apache/maven/maven-jxr/3.6.0/maven-jxr-3.6.0.jar:/Users/user_kalinchuk/.m2/repository/org/apache/maven/wagon/wagon-provider-api/3.5.3/wagon-provider-api-3.5.3.jar:/Users/user_kalinchuk/.m2/repository/org/codehaus/plexus/plexus-java/1.3.0/plexus-java-1.3.0.jar:/Users/user_kalinchuk/.m2/repository/org/ow2/asm/asm/9.7/asm-9.7.jar:/Users/user_kalinchuk/.m2/repository/com/thoughtworks/qdox/qdox/2.1.0/qdox-2.1.0.jar:/Users/user_kalinchuk/.m2/repository/org/codehaus/plexus/plexus-xml/3.0.1/plexus-xml-3.0.1.jar:/Users/user_kalinchuk/.m2/repository/org/apache/logging/log4j/log4j-api/2.22.1/log4j-api-2.22.1.jar:/Users/user_kalinchuk/.m2/repository/org/apache/logging/log4j/log4j-core/2.22.1/log4j-core-2.22.1.jar:/Users/user_kalinchuk/.m2/repository/org/apache/logging/log4j/log4j-slf4j2-impl/2.22.1/log4j-slf4j2-impl-2.22.1.jar:/Users/user_kalinchuk/.m2/repository/io/qameta/allure/allure-testng/2.24.0/allure-testng-2.24.0.jar:/Users/user_kalinchuk/.m2/repository/io/qameta/allure/allure-test-filter/2.24.0/allure-test-filter-2.24.0.jar:/Users/user_kalinchuk/.m2/repository/io/qameta/allure/allure-java-commons/2.28.0/allure-java-commons-2.28.0.jar:/Users/user_kalinchuk/.m2/repository/io/qameta/allure/allure-model/2.28.0/allure-model-2.28.0.jar:/Users/user_kalinchuk/.m2/repository/junit/junit/4.13.2/junit-4.13.2.jar:/Users/user_kalinchuk/.m2/repository/org/hamcrest/hamcrest-core/1.3/hamcrest-core-1.3.jar:"/>
    <property name="sun.cpu.endian" value="little"/>
    <property name="user.home" value="/Users/user_kalinchuk"/>
    <property name="user.language" value="en"/>
    <property name="java.specification.vendor" value="Oracle Corporation"/>
    <property name="java.version.date" value="2024-01-16"/>
    <property name="java.home" value="/Users/user_kalinchuk/Library/Java/JavaVirtualMachines/openjdk-21.0.2/Contents/Home"/>
    <property name="file.separator" value="/"/>
    <property name="basedir" value="/Users/user_kalinchuk/Desktop/playwright-api-java21-with-crud"/>
    <property name="java.vm.compressedOopsMode" value="Zero based"/>
    <property name="line.separator" value="&#10;"/>
    <property name="java.vm.specification.vendor" value="Oracle Corporation"/>
    <property name="java.specification.name" value="Java Platform API Specification"/>
    <property name="apple.awt.application.name" value="ForkedBooter"/>
    <property name="surefire.real.class.path" value="/Users/user_kalinchuk/Desktop/playwright-api-java21-with-crud/target/surefire/surefirebooter-20250810004451208_3.jar"/>
    <property name="sun.management.compiler" value="HotSpot 64-Bit Tiered Compilers"/>
    <property name="java.runtime.version" value="21.0.2+13-58"/>
    <property name="user.name" value="user_kalinchuk"/>
    <property name="stdout.encoding" value="UTF-8"/>
    <property name="path.separator" value=":"/>
    <property name="os.version" value="12.7.6"/>
    <property name="java.runtime.name" value="OpenJDK Runtime Environment"/>
    <property name="file.encoding" value="UTF-8"/>
    <property name="java.vm.name" value="OpenJDK 64-Bit Server VM"/>
    <property name="localRepository" value="/Users/user_kalinchuk/.m2/repository"/>
    <property name="java.vendor.url.bug" value="https://bugreport.java.com/bugreport/"/>
    <property name="java.io.tmpdir" value="/var/folders/79/p0fvqjgn09gfdbypr9g5z8rc0000gq/T/"/>
    <property name="idea.version" value="2025.1.3"/>
    <property name="java.version" value="21.0.2"/>
    <property name="user.dir" value="/Users/user_kalinchuk/Desktop/playwright-api-java21-with-crud"/>
    <property name="os.arch" value="x86_64"/>
    <property name="java.vm.specification.name" value="Java Virtual Machine Specification"/>
    <property name="native.encoding" value="UTF-8"/>
    <property name="java.library.path" value="/Users/user_kalinchuk/Library/Java/Extensions:/Library/Java/Extensions:/Network/Library/Java/Extensions:/System/Library/Java/Extensions:/usr/lib/java:."/>
    <property name="java.vm.info" value="mixed mode, sharing"/>
    <property name="stderr.encoding" value="UTF-8"/>
    <property name="java.vendor" value="Oracle Corporation"/>
    <property name="java.vm.version" value="21.0.2+13-58"/>
    <property name="sun.io.unicode.encoding" value="UnicodeBig"/>
    <property name="java.class.version" value="65.0"/>
  </properties>
  <testcase name="createUser_shouldReturn201_andEchoBody" classname="smokeTests.ApiSmokeTest" time="5.521">
    <system-err><![CDATA[SLF4J: Failed to load class "org.slf4j.impl.StaticLoggerBinder".
SLF4J: Defaulting to no-operation (NOP) logger implementation
SLF4J: See http://www.slf4j.org/codes.html#StaticLoggerBinder for further details.
]]></system-err>
  </testcase>
  <testcase name="getUsers_shouldReturn200_andList" classname="smokeTests.ApiSmokeTest" time="0.0">
    <skipped message="&#10;Expecting value to be true but was false"/>
  </testcase>
  <testcase name="getUsers_shouldReturn200_andList" classname="smokeTests.ApiSmokeTest" time="0.081">
    <failure message="&#10;Expecting value to be true but was false" type="org.opentest4j.AssertionFailedError"><![CDATA[org.opentest4j.AssertionFailedError: 

Expecting value to be true but was false
	at smokeTests.ApiSmokeTest.getUsers_shouldReturn200_andList(ApiSmokeTest.java:19)
]]></failure>
  </testcase>
  <testcase name="createPost_POST_201" classname="smokeTests.JsonPlaceholderCrudTest" time="0.458"/>
  <testcase name="deletePost_DELETE_200" classname="smokeTests.JsonPlaceholderCrudTest" time="0.381"/>
  <testcase name="partialUpdatePost_PATCH_200" classname="smokeTests.JsonPlaceholderCrudTest" time="0.14"/>
  <testcase name="readPost_GET_200" classname="smokeTests.JsonPlaceholderCrudTest" time="0.025"/>
  <testcase name="updatePost_PUT_200" classname="smokeTests.JsonPlaceholderCrudTest" time="0.43"/>
  <testcase name="createUserTest" classname="smokeTests.ReqResCrudTest" time="0.232"/>
  <testcase name="deleteUserTest" classname="smokeTests.ReqResCrudTest" time="0.0">
    <skipped message="&#10;Expecting actual:&#10;  401&#10;to be in:&#10;  [204, 200]&#10;"/>
  </testcase>
  <testcase name="deleteUserTest" classname="smokeTests.ReqResCrudTest" time="0.073">
    <failure message="&#10;Expecting actual:&#10;  401&#10;to be in:&#10;  [204, 200]&#10;" type="java.lang.AssertionError"><![CDATA[java.lang.AssertionError: 

Expecting actual:
  401
to be in:
  [204, 200]

	at smokeTests.ReqResCrudTest.deleteUserTest(ReqResCrudTest.java:52)
]]></failure>
  </testcase>
  <testcase name="partialUpdateUserTest" classname="smokeTests.ReqResCrudTest" time="0.077"/>
  <testcase name="readUserTest" classname="smokeTests.ReqResCrudTest" time="0.052"/>
  <testcase name="updateUserTest" classname="smokeTests.ReqResCrudTest" time="0.097"/>
</testsuite>