<?xml version="1.0" encoding="UTF-8"?>
<!-- Generated by org.testng.reporters.JUnitReportReporter -->
<testsuite hostname="Macooks-MacBook-Pro.local" failures="1" tests="3" name="smokeTests.ApiSmokeTest" time="5.830" errors="0" timestamp="2025-08-10T00:45:04 EEST" skipped="1">
  <testcase classname="smokeTests.ApiSmokeTest" name="createUser_shouldReturn201_andEchoBody" time="5.519"/>
  <testcase classname="smokeTests.ApiSmokeTest" name="getUsers_shouldReturn200_andList" time="0.110">
    <failure message="
Expecting value to be true but was false" type="org.opentest4j.AssertionFailedError">
      <![CDATA[org.opentest4j.AssertionFailedError: 
Expecting value to be true but was false
at smokeTests.ApiSmokeTest.getUsers_shouldReturn200_andList(ApiSmokeTest.java:19)
at java.base/jdk.internal.reflect.DirectMethodHandleAccessor.invoke(DirectMethodHandleAccessor.java:103)
at java.base/java.lang.reflect.Method.invoke(Method.java:580)
at org.testng.internal.invokers.MethodInvocationHelper.invokeMethod(MethodInvocationHelper.java:141)
at org.testng.internal.invokers.TestInvoker.invokeMethod(TestInvoker.java:686)
at org.testng.internal.invokers.TestInvoker.retryFailed(TestInvoker.java:269)
at org.testng.internal.invokers.MethodRunner.runInSequence(MethodRunner.java:76)
at org.testng.internal.invokers.TestInvoker$MethodInvocationAgent.invoke(TestInvoker.java:992)
at org.testng.internal.invokers.TestInvoker.invokeTestMethods(TestInvoker.java:203)
at org.testng.internal.invokers.TestMethodWorker.invokeTestMethods(TestMethodWorker.java:154)
at org.testng.internal.invokers.TestMethodWorker.run(TestMethodWorker.java:134)
at java.base/java.util.ArrayList.forEach(ArrayList.java:1596)
at org.testng.TestRunner.privateRun(TestRunner.java:739)
at org.testng.TestRunner.run(TestRunner.java:614)
at org.testng.SuiteRunner.runTest(SuiteRunner.java:421)
at org.testng.SuiteRunner$SuiteWorker.run(SuiteRunner.java:463)
at org.testng.internal.thread.ThreadUtil.lambda$execute$0(ThreadUtil.java:64)
at java.base/java.util.concurrent.FutureTask.run(FutureTask.java:317)
at java.base/java.util.concurrent.ThreadPoolExecutor.runWorker(ThreadPoolExecutor.java:1144)
at java.base/java.util.concurrent.ThreadPoolExecutor$Worker.run(ThreadPoolExecutor.java:642)
at java.base/java.lang.Thread.run(Thread.java:1583)
]]>
    </failure>
  </testcase> <!-- getUsers_shouldReturn200_andList -->
  <testcase classname="smokeTests.ApiSmokeTest" name="getUsers_shouldReturn200_andList" time="0.201">
    <skipped/>
  </testcase> <!-- getUsers_shouldReturn200_andList -->
</testsuite> <!-- smokeTests.ApiSmokeTest -->
