<?xml version="1.0" encoding="UTF-8"?>
<!-- Generated by org.testng.reporters.JUnitReportReporter -->
<testsuite hostname="Macooks-MacBook-Pro.local" failures="0" tests="5" name="smokeTests.JsonPlaceholderCrudTest" time="1.464" errors="0" timestamp="2025-08-10T00:45:04 EEST" skipped="0">
  <testcase classname="smokeTests.JsonPlaceholderCrudTest" name="partialUpdatePost_PATCH_200" time="0.143"/>
  <testcase classname="smokeTests.JsonPlaceholderCrudTest" name="deletePost_DELETE_200" time="0.384"/>
  <testcase classname="smokeTests.JsonPlaceholderCrudTest" name="updatePost_PUT_200" time="0.432"/>
  <testcase classname="smokeTests.JsonPlaceholderCrudTest" name="createPost_POST_201" time="0.478"/>
  <testcase classname="smokeTests.JsonPlaceholderCrudTest" name="readPost_GET_200" time="0.027"/>
</testsuite> <!-- smokeTests.JsonPlaceholderCrudTest -->
