<?xml version="1.0" encoding="UTF-8"?>
<!-- Generated by org.testng.reporters.JUnitReportReporter -->
<testsuite hostname="Macooks-MacBook-Pro.local" failures="0" tests="1" name="smokeTests.ApiSmokeTests" time="7.781" errors="0" timestamp="2025-08-12T23:32:27 EEST" skipped="0">
  <testcase classname="smokeTests.ApiSmokeTests" name="userCrudTest" time="7.781"/>
</testsuite> <!-- smokeTests.ApiSmokeTests -->
