<?xml version="1.0" encoding="UTF-8"?>
<!-- Generated by org.testng.reporters.JUnitReportReporter -->
<testsuite hostname="Macooks-MacBook-Pro.local" failures="0" tests="2" name="smokeTests.AuthRegisterTests" time="0.445" errors="0" timestamp="2025-08-12T23:08:45 EEST" skipped="0">
  <testcase classname="smokeTests.AuthRegisterTests" name="registerTest" time="0.206"/>
  <testcase classname="smokeTests.AuthRegisterTests" name="registerWithoutPassTest" time="0.239"/>
</testsuite> <!-- smokeTests.AuthRegisterTests -->
