<?xml version="1.0" encoding="UTF-8"?>
<!-- Generated by org.testng.reporters.JUnitReportReporter -->
<testsuite hostname="Macooks-MacBook-Pro.local" failures="0" tests="2" name="smokeTests.AuthSmokeTests" time="0.252" errors="0" timestamp="2025-08-12T23:08:45 EEST" skipped="0">
  <testcase classname="smokeTests.AuthSmokeTests" name="loginWithEmptyPassAndCheckAnErrorTest" time="0.108"/>
  <testcase classname="smokeTests.AuthSmokeTests" name="loginAndReturnTokenTest" time="0.144"/>
</testsuite> <!-- smokeTests.AuthSmokeTests -->
